[15:53:56 11-11-2023] [31merror[39m: contents not found
[15:56:52 11-11-2023] [31merror[39m: contents not found
[15:58:15 11-11-2023] [31merror[39m: contents not found
[15:59:09 11-11-2023] [31merror[39m: contents not found
[15:59:14 11-11-2023] [31merror[39m: contents not found
[16:00:16 11-11-2023] [31merror[39m: contents not found
[16:00:24 11-11-2023] [31merror[39m: contents not found
[16:00:59 11-11-2023] [31merror[39m: contents not found
[16:01:09 11-11-2023] [31merror[39m: contents not found
[16:01:45 11-11-2023] [31merror[39m: contents not found
[21:19:18 11-11-2023] [31merror[39m: contents not found
[21:19:18 11-11-2023] [31merror[39m: contents not found
[21:19:50 11-11-2023] [31merror[39m: contents not found
[21:21:55 11-11-2023] [31merror[39m: contents not found
[21:21:57 11-11-2023] [31merror[39m: contents not found
[21:22:14 11-11-2023] [31merror[39m: contents not found
[21:22:29 11-11-2023] [31merror[39m: contents not found
[21:23:15 11-11-2023] [31merror[39m: contents not found
[21:23:22 11-11-2023] [31merror[39m: contents not found
[21:23:24 11-11-2023] [31merror[39m: contents not found
[21:23:26 11-11-2023] [31merror[39m: contents not found
[21:55:17 11-11-2023] [31merror[39m: user not found
[22:06:46 11-11-2023] [31merror[39m: user not found
[22:18:37 11-11-2023] [31merror[39m: user not found
[23:49:50 11-11-2023] [31merror[39m: user not found
[23:49:55 11-11-2023] [31merror[39m: user not found
[00:03:09 12-11-2023] [31merror[39m: user not found
[00:19:59 12-11-2023] [31merror[39m: user not found
[00:20:52 12-11-2023] [31merror[39m: user not found
[00:30:23 12-11-2023] [31merror[39m: user not found
[01:12:10 12-11-2023] [31merror[39m: user not found
[01:15:08 12-11-2023] [31merror[39m: user not found
[01:15:18 12-11-2023] [31merror[39m: user not found
[01:15:52 12-11-2023] [31merror[39m: user not found
[01:15:58 12-11-2023] [31merror[39m: user not found
[01:23:40 12-11-2023] [31merror[39m: user not found
[01:24:12 12-11-2023] [31merror[39m: user not found
[01:24:15 12-11-2023] [31merror[39m: user not found
[01:25:27 12-11-2023] [31merror[39m: user not found
[01:25:29 12-11-2023] [31merror[39m: user not found
[01:26:39 12-11-2023] [31merror[39m: user not found
[01:26:43 12-11-2023] [31merror[39m: user not found
[01:39:30 12-11-2023] [31merror[39m: user not found
[01:39:33 12-11-2023] [31merror[39m: user not found
[01:44:49 12-11-2023] [31merror[39m: user not found
[01:44:52 12-11-2023] [31merror[39m: user not found
[01:46:09 12-11-2023] [31merror[39m: user not found
[01:46:16 12-11-2023] [31merror[39m: user not found
[01:46:21 12-11-2023] [31merror[39m: user not found
[01:57:42 12-11-2023] [31merror[39m: user not found
[02:08:07 12-11-2023] [31merror[39m: user not found
[02:10:12 12-11-2023] [31merror[39m: user not found
[02:11:44 12-11-2023] [31merror[39m: user not found
[02:13:14 12-11-2023] [31merror[39m: user not found
[02:13:17 12-11-2023] [31merror[39m: user not found
[02:13:36 12-11-2023] [31merror[39m: user not found
[02:13:42 12-11-2023] [31merror[39m: user not found
[02:13:51 12-11-2023] [31merror[39m: user not found
[02:14:03 12-11-2023] [31merror[39m: user not found
[02:15:49 12-11-2023] [31merror[39m: user not found
[02:15:59 12-11-2023] [31merror[39m: user not found
[02:40:57 12-11-2023] [31merror[39m: user not found
[02:42:52 12-11-2023] [31merror[39m: user not found
[02:42:54 12-11-2023] [31merror[39m: user not found
[02:42:54 12-11-2023] [31merror[39m: user not found
[02:43:36 12-11-2023] [31merror[39m: user not found
[02:47:01 12-11-2023] [31merror[39m: user not found
[02:47:46 12-11-2023] [31merror[39m: user not found
[02:47:49 12-11-2023] [31merror[39m: user not found
[02:48:55 12-11-2023] [31merror[39m: user not found
[02:51:24 12-11-2023] [31merror[39m: user not found
[02:51:35 12-11-2023] [31merror[39m: user not found
[02:51:41 12-11-2023] [31merror[39m: user not found
[03:36:49 12-11-2023] [31merror[39m: user not found
[03:47:50 12-11-2023] [31merror[39m: user not found
[04:21:49 12-11-2023] [31merror[39m: username | password not present or not of required length
[04:41:25 12-11-2023] [31merror[39m: user not found
[11:10:59 12-11-2023] [31merror[39m: contents not found
[13:20:34 12-11-2023] [31merror[39m: contents not found
[13:20:37 12-11-2023] [31merror[39m: contents not found
[13:20:41 12-11-2023] [31merror[39m: contents not found
[13:20:43 12-11-2023] [31merror[39m: contents not found
[13:20:47 12-11-2023] [31merror[39m: contents not found
[13:20:56 12-11-2023] [31merror[39m: contents not found
[13:21:33 12-11-2023] [31merror[39m: contents not found
[13:21:38 12-11-2023] [31merror[39m: contents not found
[13:21:49 12-11-2023] [31merror[39m: contents not found
[13:21:52 12-11-2023] [31merror[39m: contents not found
[13:21:57 12-11-2023] [31merror[39m: contents not found
[13:22:01 12-11-2023] [31merror[39m: contents not found
[13:22:09 12-11-2023] [31merror[39m: contents not found
[13:22:24 12-11-2023] [31merror[39m: contents not found
[13:22:24 12-11-2023] [31merror[39m: contents not found
[13:22:37 12-11-2023] [31merror[39m: contents not found
[13:22:39 12-11-2023] [31merror[39m: contents not found
[13:23:01 12-11-2023] [31merror[39m: contents not found
[13:23:08 12-11-2023] [31merror[39m: contents not found
[13:35:20 12-11-2023] [31merror[39m: contents not found
[13:35:33 12-11-2023] [31merror[39m: contents not found
[13:35:42 12-11-2023] [31merror[39m: contents not found
[13:35:50 12-11-2023] [31merror[39m: contents not found
[13:36:05 12-11-2023] [31merror[39m: contents not found
[13:37:05 12-11-2023] [31merror[39m: contents not found
[13:37:10 12-11-2023] [31merror[39m: contents not found
[13:37:19 12-11-2023] [31merror[39m: contents not found
[13:37:23 12-11-2023] [31merror[39m: contents not found
[13:37:24 12-11-2023] [31merror[39m: contents not found
[13:37:29 12-11-2023] [31merror[39m: contents not found
[13:37:37 12-11-2023] [31merror[39m: contents not found
[13:38:04 12-11-2023] [31merror[39m: contents not found
[13:38:06 12-11-2023] [31merror[39m: contents not found
[13:38:08 12-11-2023] [31merror[39m: contents not found
[13:38:11 12-11-2023] [31merror[39m: contents not found
[13:38:12 12-11-2023] [31merror[39m: contents not found
[13:38:16 12-11-2023] [31merror[39m: contents not found
[13:38:22 12-11-2023] [31merror[39m: contents not found
[13:38:32 12-11-2023] [31merror[39m: contents not found
[13:38:34 12-11-2023] [31merror[39m: contents not found
[13:38:39 12-11-2023] [31merror[39m: contents not found
[13:38:42 12-11-2023] [31merror[39m: contents not found
[13:38:45 12-11-2023] [31merror[39m: contents not found
[13:38:50 12-11-2023] [31merror[39m: contents not found
[13:38:50 12-11-2023] [31merror[39m: contents not found
[13:39:03 12-11-2023] [31merror[39m: contents not found
[13:39:14 12-11-2023] [31merror[39m: contents not found
[13:39:24 12-11-2023] [31merror[39m: contents not found
[13:39:27 12-11-2023] [31merror[39m: contents not found
[13:39:30 12-11-2023] [31merror[39m: contents not found
[13:41:22 12-11-2023] [31merror[39m: contents not found
[13:41:46 12-11-2023] [31merror[39m: contents not found
[13:41:48 12-11-2023] [31merror[39m: contents not found
[13:41:52 12-11-2023] [31merror[39m: contents not found
[13:41:56 12-11-2023] [31merror[39m: contents not found
[13:43:51 12-11-2023] [31merror[39m: contents not found
[13:43:55 12-11-2023] [31merror[39m: contents not found
[13:44:06 12-11-2023] [31merror[39m: contents not found
[13:44:09 12-11-2023] [31merror[39m: contents not found
[13:44:16 12-11-2023] [31merror[39m: contents not found
[13:44:20 12-11-2023] [31merror[39m: contents not found
[13:44:24 12-11-2023] [31merror[39m: contents not found
[13:45:16 12-11-2023] [31merror[39m: contents not found
[13:45:19 12-11-2023] [31merror[39m: contents not found
[13:45:25 12-11-2023] [31merror[39m: contents not found
[13:46:26 12-11-2023] [31merror[39m: contents not found
[13:46:30 12-11-2023] [31merror[39m: contents not found
[13:46:33 12-11-2023] [31merror[39m: contents not found
[13:46:39 12-11-2023] [31merror[39m: contents not found
[13:46:43 12-11-2023] [31merror[39m: contents not found
[13:46:47 12-11-2023] [31merror[39m: contents not found
[13:46:53 12-11-2023] [31merror[39m: contents not found
[13:47:04 12-11-2023] [31merror[39m: contents not found
[13:47:28 12-11-2023] [31merror[39m: contents not found
[13:47:29 12-11-2023] [31merror[39m: contents not found
[13:47:34 12-11-2023] [31merror[39m: contents not found
[13:47:34 12-11-2023] [31merror[39m: contents not found
[13:47:36 12-11-2023] [31merror[39m: contents not found
[13:51:48 12-11-2023] [31merror[39m: 
Invalid `prisma.news.create()` invocation in
/Users/farukadekunle/developments/anf_back/src/controllers/news.controller.ts:95:40

  92 if (!media || media === "")
  93   return handleBadRequest({ res, message: "media not in body" });
  94 
→ 95 const result = await prisma.news.create({
       data: {
         subject: "Man dies of ....",
         content: "Man slumps and dies in anambra over foolishness and continue reading,...",
         media: "jdhvfvhvfvsfnjnbbanfsn",
         category: "2"
                   ~~~
       }
     })

Argument `category`: Invalid value provided. Expected categoriesCreateNestedOneWithoutNewsInput, provided String.
[13:52:04 12-11-2023] [31merror[39m: 
Invalid `prisma.news.create()` invocation in
/Users/farukadekunle/developments/anf_back/src/controllers/news.controller.ts:95:40

  92 if (!media || media === "")
  93   return handleBadRequest({ res, message: "media not in body" });
  94 
→ 95 const result = await prisma.news.create({
       data: {
         subject: "Man dies of ....",
         content: "Man slumps and dies in anambra over foolishness and continue reading,...",
         media: "jdhvfvhvfvsfnjnbbanfsn",
         category: 2
                   ~
       }
     })

Argument `category`: Invalid value provided. Expected categoriesCreateNestedOneWithoutNewsInput, provided Int.
[13:52:38 12-11-2023] [31merror[39m: 
Invalid `prisma.news.create()` invocation in
/Users/farukadekunle/developments/anf_back/src/controllers/news.controller.ts:95:40

  92 if (!media || media === "")
  93   return handleBadRequest({ res, message: "media not in body" });
  94 
→ 95 const result = await prisma.news.create(
Foreign key constraint failed on the field: `news_categoryId_fkey (index)`
[22:25:28 19-11-2023] [31merror[39m: 
Invalid `prisma.news.findUnique()` invocation in
/Users/farukadekunle/developments/anf_back/src/controllers/news.controller.ts:13:42

  10 
  11 if (id && id !== "") {
  12 
→ 13   const result = await prisma.news.findUnique({
         where: {
       +   id: Int
         },
         include: {
           category: true
         }
       })

Argument `id` is missing.
